


ARM Macro Assembler    Page 1 


    1 00000000         ;/******************************************************
                       ********************//**
    2 00000000         ; * @file     startup_CMSDK_CM3.s
    3 00000000         ; * @brief    CMSIS Core Device Startup File for
    4 00000000         ; *           CMSDK_CM3 Device
    5 00000000         ; * @version  V3.02
    6 00000000         ; * @date     15. November 2013
    7 00000000         ; *
    8 00000000         ; * @note
    9 00000000         ; *
   10 00000000         ; ******************************************************
                       ************************/
   11 00000000         ;/* Copyright (c) 2011 - 2013 ARM LIMITED
   12 00000000         ;
   13 00000000         ;   All rights reserved.
   14 00000000         ;   Redistribution and use in source and binary forms, w
                       ith or without
   15 00000000         ;   modification, are permitted provided that the follow
                       ing conditions are met:
   16 00000000         ;   - Redistributions of source code must retain the abo
                       ve copyright
   17 00000000         ;     notice, this list of conditions and the following 
                       disclaimer.
   18 00000000         ;   - Redistributions in binary form must reproduce the 
                       above copyright
   19 00000000         ;     notice, this list of conditions and the following 
                       disclaimer in the
   20 00000000         ;     documentation and/or other materials provided with
                        the distribution.
   21 00000000         ;   - Neither the name of ARM nor the names of its contr
                       ibutors may be used
   22 00000000         ;     to endorse or promote products derived from this s
                       oftware without
   23 00000000         ;     specific prior written permission.
   24 00000000         ; *
   25 00000000         ;   THIS SOFTWARE IS PROVIDED BY THE COPYRIGHT HOLDERS A
                       ND CONTRIBUTORS "AS IS"
   26 00000000         ;   AND ANY EXPRESS OR IMPLIED WARRANTIES, INCLUDING, BU
                       T NOT LIMITED TO, THE
   27 00000000         ;   IMPLIED WARRANTIES OF MERCHANTABILITY AND FITNESS FO
                       R A PARTICULAR PURPOSE
   28 00000000         ;   ARE DISCLAIMED. IN NO EVENT SHALL COPYRIGHT HOLDERS 
                       AND CONTRIBUTORS BE
   29 00000000         ;   LIABLE FOR ANY DIRECT, INDIRECT, INCIDENTAL, SPECIAL
                       , EXEMPLARY, OR
   30 00000000         ;   CONSEQUENTIAL DAMAGES (INCLUDING, BUT NOT LIMITED TO
                       , PROCUREMENT OF
   31 00000000         ;   SUBSTITUTE GOODS OR SERVICES; LOSS OF USE, DATA, OR 
                       PROFITS; OR BUSINESS
   32 00000000         ;   INTERRUPTION) HOWEVER CAUSED AND ON ANY THEORY OF LI
                       ABILITY, WHETHER IN
   33 00000000         ;   CONTRACT, STRICT LIABILITY, OR TORT (INCLUDING NEGLI
                       GENCE OR OTHERWISE)
   34 00000000         ;   ARISING IN ANY WAY OUT OF THE USE OF THIS SOFTWARE, 
                       EVEN IF ADVISED OF THE
   35 00000000         ;   POSSIBILITY OF SUCH DAMAGE.
   36 00000000         ;   ----------------------------------------------------
                       -----------------------*/
   37 00000000         ;/*



ARM Macro Assembler    Page 2 


   38 00000000         ;//-------- <<< Use Configuration Wizard in Context Menu
                        >>> ------------------
   39 00000000         ;*/
   40 00000000         
   41 00000000         
   42 00000000         ; <h> Stack Configuration
   43 00000000         ;   <o> Stack Size (in Bytes) <0x0-0xFFFFFFFF:8>
   44 00000000         ; </h>
   45 00000000         
   46 00000000 00000400 
                       Stack_Size
                               EQU              0x00000400
   47 00000000         
   48 00000000                 AREA             STACK, NOINIT, READWRITE, ALIGN
=3
   49 00000000         Stack_Mem
                               SPACE            Stack_Size
   50 00000400         __initial_sp
   51 00000400         
   52 00000400         
   53 00000400         ; <h> Heap Configuration
   54 00000400         ;   <o>  Heap Size (in Bytes) <0x0-0xFFFFFFFF:8>
   55 00000400         ; </h>
   56 00000400         
   57 00000400 00000C00 
                       Heap_Size
                               EQU              0x00000C00
   58 00000400         
   59 00000400                 AREA             HEAP, NOINIT, READWRITE, ALIGN=
3
   60 00000000         __heap_base
   61 00000000         Heap_Mem
                               SPACE            Heap_Size
   62 00000C00         __heap_limit
   63 00000C00         
   64 00000C00         
   65 00000C00                 PRESERVE8
   66 00000C00                 THUMB
   67 00000C00         
   68 00000C00         
   69 00000C00         ; Vector Table Mapped to Address 0 at Reset
   70 00000C00         
   71 00000C00                 AREA             RESET, DATA, READONLY
   72 00000000                 EXPORT           __Vectors
   73 00000000                 EXPORT           __Vectors_End
   74 00000000                 EXPORT           __Vectors_Size
   75 00000000         
   76 00000000 00000000 
                       __Vectors
                               DCD              __initial_sp ; Top of Stack
   77 00000004 00000000        DCD              Reset_Handler ; Reset Handler
   78 00000008 00000000        DCD              NMI_Handler ; NMI Handler
   79 0000000C 00000000        DCD              HardFault_Handler ; Hard Fault 
                                                            Handler
   80 00000010 00000000        DCD              MemManage_Handler 
                                                            ; MPU Fault Handler
                                                            
   81 00000014 00000000        DCD              BusFault_Handler 
                                                            ; Bus Fault Handler



ARM Macro Assembler    Page 3 


                                                            
   82 00000018 00000000        DCD              UsageFault_Handler ; Usage Faul
                                                            t Handler
   83 0000001C 00000000        DCD              0           ; Reserved
   84 00000020 00000000        DCD              0           ; Reserved
   85 00000024 00000000        DCD              0           ; Reserved
   86 00000028 00000000        DCD              0           ; Reserved
   87 0000002C 00000000        DCD              SVC_Handler ; SVCall Handler
   88 00000030 00000000        DCD              DebugMon_Handler ; Debug Monito
                                                            r Handler
   89 00000034 00000000        DCD              0           ; Reserved
   90 00000038 00000000        DCD              PendSV_Handler ; PendSV Handler
                                                            
   91 0000003C 00000000        DCD              SysTick_Handler 
                                                            ; SysTick Handler
   92 00000040         
   93 00000040         ; External Interrupts
   94 00000040 00000000        DCD              UART0_Handler ; UART 0 RX and T
                                                            X Handler
   95 00000044 00000000        DCD              Reserved1_Handler ; Not Used
   96 00000048 00000000        DCD              UART1_Handler ; UART 1 RX and T
                                                            X Handler
   97 0000004C 00000000        DCD              I2C0_Handler ; I2C 0 Handler
   98 00000050 00000000        DCD              I2C1_Handler ; I2C 1 Handler
   99 00000054 00000000        DCD              RTC_Handler ; RTC Handler
  100 00000058 00000000        DCD              PORT0_COMB_Handler ; GPIO Port 
                                                            0 Combined Handler
  101 0000005C 00000000        DCD              PORT1_COMB_Handler ; GPIO Port 
                                                            1 Combined Handler
  102 00000060 00000000        DCD              TIMER0_Handler 
                                                            ; TIMER 0 handler
  103 00000064 00000000        DCD              TIMER1_Handler 
                                                            ; TIMER 1 handler
  104 00000068 00000000        DCD              DUALTIMER_HANDLER ; Dual timer 
                                                            handler
  105 0000006C 00000000        DCD              SPI0_Handler ; SPI 0 exceptions
                                                             Handler
  106 00000070 00000000        DCD              UARTOVF_Handler ; UART 0,1,2 Ov
                                                            erflow Handler
  107 00000074 00000000        DCD              SPI1_Handler ; SPI 1 Handler
  108 00000078 00000000        DCD              QSPI_Handler ; Quad SPI Handler
                                                            
  109 0000007C 00000000        DCD              TSC_Handler ; TSC handler
  110 00000080 00000000        DCD              PORT0_0_Handler ; GPIO Port 0\1
                                                             pin 0 Handler
  111 00000084 00000000        DCD              PORT0_1_Handler ; GPIO Port 0\1
                                                             pin 1 Handler
  112 00000088 00000000        DCD              PORT0_2_Handler ; GPIO Port 0\1
                                                             pin 2 Handler
  113 0000008C 00000000        DCD              PORT0_3_Handler ; GPIO Port 0\1
                                                             pin 3 Handler
  114 00000090 00000000        DCD              PORT0_4_Handler ; GPIO Port 0\1
                                                             pin 4 Handler
  115 00000094 00000000        DCD              PORT0_5_Handler ; GPIO Port 0\1
                                                             pin 5 Handler
  116 00000098 00000000        DCD              PORT0_6_Handler ; GPIO Port 0\1
                                                             pin 6 Handler
  117 0000009C 00000000        DCD              PORT0_7_Handler ; GPIO Port 0\1
                                                             pin 7 Handler



ARM Macro Assembler    Page 4 


  118 000000A0 00000000        DCD              PORT0_8_Handler ; GPIO Port 0\1
                                                             pin 8 Handler
  119 000000A4 00000000        DCD              PORT0_9_Handler ; GPIO Port 0\1
                                                             pin 9 Handler
  120 000000A8 00000000        DCD              PORT0_10_Handler ; GPIO Port 0\
                                                            1 pin 10 Handler
  121 000000AC 00000000        DCD              PORT0_11_Handler ; GPIO Port 0\
                                                            1 pin 11 Handler
  122 000000B0 00000000        DCD              PORT0_12_Handler ; GPIO Port 0\
                                                            1 pin 12 Handler
  123 000000B4 00000000        DCD              PORT0_13_Handler ; GPIO Port 0\
                                                            1 pin 13 Handler
  124 000000B8 00000000        DCD              PORT0_14_Handler ; GPIO Port 0\
                                                            1 pin 14 Handler
  125 000000BC 00000000        DCD              PORT0_15_Handler ; GPIO Port 0\
                                                            1 pin 15 Handler
  126 000000C0 00000000        DCD              SYSERROR_Handler ; System Error
                                                             Handler
  127 000000C4 00000000        DCD              EFLASH_Handler ; Embedded Flash
                                                             Handler
  128 000000C8 00000000        DCD              CORDIO0_Handler 
                                                            ; Cordio Handler
  129 000000CC 00000000        DCD              CORDIO1_Handler 
                                                            ; Cordio Handler
  130 000000D0 00000000        DCD              CORDIO2_Handler 
                                                            ; Cordio Handler
  131 000000D4 00000000        DCD              CORDIO3_Handler 
                                                            ; Cordio Handler
  132 000000D8 00000000        DCD              CORDIO4_Handler 
                                                            ; Cordio Handler
  133 000000DC 00000000        DCD              CORDIO5_Handler 
                                                            ; Cordio Handler
  134 000000E0 00000000        DCD              CORDIO6_Handler 
                                                            ; Cordio Handler
  135 000000E4 00000000        DCD              CORDIO7_Handler 
                                                            ; Cordio Handler
  136 000000E8 00000000        DCD              PORT2_COMB_Handler ; GPIO Port 
                                                            2 Combined Handler
  137 000000EC 00000000        DCD              PORT3_COMB_Handler ; GPIO Port 
                                                            3 Combined Handler
  138 000000F0 00000000        DCD              TRNG_Handler ; Random Number Ha
                                                            ndler
  139 000000F4 00000000        DCD              UARTRX2_Handler 
                                                            ; UART 2 RX Handler
                                                            
  140 000000F8 00000000        DCD              UARTTX2_Handler 
                                                            ; UART 2 TX Handler
                                                            
  141 000000FC 00000000        DCD              UARTRX3_Handler 
                                                            ; UART 3 RX Handler
                                                            
  142 00000100 00000000        DCD              UARTTX3_Handler 
                                                            ; UART 3 TX Handler
                                                            
  143 00000104 00000000        DCD              ETHERNET_Handler 
                                                            ; Ethernet Handler
  144 00000108         __Vectors_End
  145 00000108         
  146 00000108 00000108 



ARM Macro Assembler    Page 5 


                       __Vectors_Size
                               EQU              __Vectors_End - __Vectors
  147 00000108         
  148 00000108                 AREA             |.text|, CODE, READONLY
  149 00000000         
  150 00000000         
  151 00000000         ; Reset Handler
  152 00000000         
  153 00000000         Reset_Handler
                               PROC
  154 00000000                 EXPORT           Reset_Handler             [WEAK
]
  155 00000000                 IMPORT           SystemInit
  156 00000000                 IMPORT           __main
  157 00000000 4809            LDR              R0, =SystemInit
  158 00000002 4780            BLX              R0
  159 00000004 4809            LDR              R0, =__main
  160 00000006 4700            BX               R0
  161 00000008                 ENDP
  162 00000008         
  163 00000008         
  164 00000008         ; Dummy Exception Handlers (infinite loops which can be 
                       modified)
  165 00000008         
  166 00000008         NMI_Handler
                               PROC
  167 00000008                 EXPORT           NMI_Handler               [WEAK
]
  168 00000008 E7FE            B                .
  169 0000000A                 ENDP
  171 0000000A         HardFault_Handler
                               PROC
  172 0000000A                 EXPORT           HardFault_Handler         [WEAK
]
  173 0000000A E7FE            B                .
  174 0000000C                 ENDP
  176 0000000C         MemManage_Handler
                               PROC
  177 0000000C                 EXPORT           MemManage_Handler         [WEAK
]
  178 0000000C E7FE            B                .
  179 0000000E                 ENDP
  181 0000000E         BusFault_Handler
                               PROC
  182 0000000E                 EXPORT           BusFault_Handler          [WEAK
]
  183 0000000E E7FE            B                .
  184 00000010                 ENDP
  186 00000010         UsageFault_Handler
                               PROC
  187 00000010                 EXPORT           UsageFault_Handler        [WEAK
]
  188 00000010 E7FE            B                .
  189 00000012                 ENDP
  190 00000012         SVC_Handler
                               PROC
  191 00000012                 EXPORT           SVC_Handler               [WEAK
]
  192 00000012 E7FE            B                .



ARM Macro Assembler    Page 6 


  193 00000014                 ENDP
  195 00000014         DebugMon_Handler
                               PROC
  196 00000014                 EXPORT           DebugMon_Handler          [WEAK
]
  197 00000014 E7FE            B                .
  198 00000016                 ENDP
  199 00000016         PendSV_Handler
                               PROC
  200 00000016                 EXPORT           PendSV_Handler            [WEAK
]
  201 00000016 E7FE            B                .
  202 00000018                 ENDP
  203 00000018         SysTick_Handler
                               PROC
  204 00000018                 EXPORT           SysTick_Handler           [WEAK
]
  205 00000018 E7FE            B                .
  206 0000001A                 ENDP
  207 0000001A         
  208 0000001A         Default_Handler
                               PROC
  209 0000001A                 EXPORT           UART0_Handler              [WEA
K]
  210 0000001A                 EXPORT           Reserved1_Handler          [WEA
K]
  211 0000001A                 EXPORT           UART1_Handler              [WEA
K]
  212 0000001A                 EXPORT           I2C0_Handler               [WEA
K]
  213 0000001A                 EXPORT           I2C1_Handler               [WEA
K]
  214 0000001A                 EXPORT           RTC_Handler                [WEA
K]
  215 0000001A                 EXPORT           PORT0_COMB_Handler         [WEA
K]
  216 0000001A                 EXPORT           PORT1_COMB_Handler         [WEA
K]
  217 0000001A                 EXPORT           TIMER0_Handler             [WEA
K]
  218 0000001A                 EXPORT           TIMER1_Handler             [WEA
K]
  219 0000001A                 EXPORT           DUALTIMER_HANDLER          [WEA
K]
  220 0000001A                 EXPORT           SPI0_Handler               [WEA
K]
  221 0000001A                 EXPORT           UARTOVF_Handler            [WEA
K]
  222 0000001A                 EXPORT           SPI1_Handler               [WEA
K]
  223 0000001A                 EXPORT           QSPI_Handler               [WEA
K]
  224 0000001A                 EXPORT           TSC_Handler                [WEA
K]
  225 0000001A                 EXPORT           PORT0_0_Handler            [WEA
K]
  226 0000001A                 EXPORT           PORT0_1_Handler            [WEA
K]
  227 0000001A                 EXPORT           PORT0_2_Handler            [WEA



ARM Macro Assembler    Page 7 


K]
  228 0000001A                 EXPORT           PORT0_3_Handler            [WEA
K]
  229 0000001A                 EXPORT           PORT0_4_Handler            [WEA
K]
  230 0000001A                 EXPORT           PORT0_5_Handler            [WEA
K]
  231 0000001A                 EXPORT           PORT0_6_Handler            [WEA
K]
  232 0000001A                 EXPORT           PORT0_7_Handler            [WEA
K]
  233 0000001A                 EXPORT           PORT0_8_Handler            [WEA
K]
  234 0000001A                 EXPORT           PORT0_9_Handler            [WEA
K]
  235 0000001A                 EXPORT           PORT0_10_Handler           [WEA
K]
  236 0000001A                 EXPORT           PORT0_11_Handler           [WEA
K]
  237 0000001A                 EXPORT           PORT0_12_Handler           [WEA
K]
  238 0000001A                 EXPORT           PORT0_13_Handler           [WEA
K]
  239 0000001A                 EXPORT           PORT0_14_Handler           [WEA
K]
  240 0000001A                 EXPORT           PORT0_15_Handler           [WEA
K]
  241 0000001A                 EXPORT           SYSERROR_Handler           [WEA
K]
  242 0000001A                 EXPORT           EFLASH_Handler             [WEA
K]
  243 0000001A                 EXPORT           CORDIO0_Handler            [WEA
K]
  244 0000001A                 EXPORT           CORDIO1_Handler            [WEA
K]
  245 0000001A                 EXPORT           CORDIO2_Handler            [WEA
K]
  246 0000001A                 EXPORT           CORDIO3_Handler            [WEA
K]
  247 0000001A                 EXPORT           CORDIO4_Handler            [WEA
K]
  248 0000001A                 EXPORT           CORDIO5_Handler            [WEA
K]
  249 0000001A                 EXPORT           CORDIO6_Handler            [WEA
K]
  250 0000001A                 EXPORT           CORDIO7_Handler            [WEA
K]
  251 0000001A                 EXPORT           PORT2_COMB_Handler         [WEA
K]
  252 0000001A                 EXPORT           PORT3_COMB_Handler         [WEA
K]
  253 0000001A                 EXPORT           TRNG_Handler               [WEA
K]
  254 0000001A                 EXPORT           UARTRX2_Handler            [WEA
K]
  255 0000001A                 EXPORT           UARTTX2_Handler            [WEA
K]
  256 0000001A                 EXPORT           UARTRX3_Handler            [WEA
K]



ARM Macro Assembler    Page 8 


  257 0000001A                 EXPORT           UARTTX3_Handler            [WEA
K]
  258 0000001A                 EXPORT           ETHERNET_Handler           [WEA
K]
  259 0000001A         
  260 0000001A         UART0_Handler
  261 0000001A         Reserved1_Handler
  262 0000001A         UART1_Handler
  263 0000001A         I2C0_Handler
  264 0000001A         I2C1_Handler
  265 0000001A         RTC_Handler
  266 0000001A         PORT0_COMB_Handler
  267 0000001A         PORT1_COMB_Handler
  268 0000001A         TIMER0_Handler
  269 0000001A         TIMER1_Handler
  270 0000001A         DUALTIMER_HANDLER
  271 0000001A         SPI0_Handler
  272 0000001A         UARTOVF_Handler
  273 0000001A         SPI1_Handler
  274 0000001A         QSPI_Handler
  275 0000001A         TSC_Handler
  276 0000001A         PORT0_0_Handler
  277 0000001A         PORT0_1_Handler
  278 0000001A         PORT0_2_Handler
  279 0000001A         PORT0_3_Handler
  280 0000001A         PORT0_4_Handler
  281 0000001A         PORT0_5_Handler
  282 0000001A         PORT0_6_Handler
  283 0000001A         PORT0_7_Handler
  284 0000001A         PORT0_8_Handler
  285 0000001A         PORT0_9_Handler
  286 0000001A         PORT0_10_Handler
  287 0000001A         PORT0_11_Handler
  288 0000001A         PORT0_12_Handler
  289 0000001A         PORT0_13_Handler
  290 0000001A         PORT0_14_Handler
  291 0000001A         PORT0_15_Handler
  292 0000001A         SYSERROR_Handler
  293 0000001A         EFLASH_Handler
  294 0000001A         CORDIO0_Handler
  295 0000001A         CORDIO1_Handler
  296 0000001A         CORDIO2_Handler
  297 0000001A         CORDIO3_Handler
  298 0000001A         CORDIO4_Handler
  299 0000001A         CORDIO5_Handler
  300 0000001A         CORDIO6_Handler
  301 0000001A         CORDIO7_Handler
  302 0000001A         PORT2_COMB_Handler
  303 0000001A         PORT3_COMB_Handler
  304 0000001A         TRNG_Handler
  305 0000001A         UARTRX2_Handler
  306 0000001A         UARTTX2_Handler
  307 0000001A         UARTRX3_Handler
  308 0000001A         UARTTX3_Handler
  309 0000001A         ETHERNET_Handler
  310 0000001A E7FE            B                .
  311 0000001C         
  312 0000001C                 ENDP
  313 0000001C         



ARM Macro Assembler    Page 9 


  314 0000001C         
  315 0000001C                 ALIGN
  316 0000001C         
  317 0000001C         
  318 0000001C         ; User Initial Stack & Heap
  319 0000001C         
  320 0000001C                 IF               :DEF:__MICROLIB
  327 0000001C         
  328 0000001C                 IMPORT           __use_two_region_memory
  329 0000001C                 EXPORT           __user_initial_stackheap
  330 0000001C         
  331 0000001C         __user_initial_stackheap
                               PROC
  332 0000001C 4804            LDR              R0, =  Heap_Mem
  333 0000001E 4905            LDR              R1, =(Stack_Mem + Stack_Size)
  334 00000020 4A05            LDR              R2, = (Heap_Mem +  Heap_Size)
  335 00000022 4B06            LDR              R3, = Stack_Mem
  336 00000024 4770            BX               LR
  337 00000026                 ENDP
  338 00000026         
  339 00000026 00 00           ALIGN
  340 00000028         
  341 00000028                 ENDIF
  342 00000028         
  343 00000028         
  344 00000028                 END
              00000000 
              00000000 
              00000000 
              00000400 
              00000C00 
              00000000 
Command Line: --debug --xref --diag_suppress=9931 --cpu=Cortex-M3 --apcs=interw
ork --depend=.\objects\startup_cmsdk_cm3.d -o.\objects\startup_cmsdk_cm3.o -IE:
\keil_core\ARM\RV31\INC -IE:\keil_core\ARM\CMSIS\Include --predefine="__UVISION
_VERSION SETA 516" --list=.\objects\startup_cmsdk_cm3.lst ..\cmsis\Device\Sourc
e\CMSDK_CM3\startup_CMSDK_CM3.s



ARM Macro Assembler    Page 1 Alphabetic symbol ordering
Relocatable symbols

STACK 00000000

Symbol: STACK
   Definitions
      At line 48 in file ..\cmsis\Device\Source\CMSDK_CM3\startup_CMSDK_CM3.s
   Uses
      None
Comment: STACK unused
Stack_Mem 00000000

Symbol: Stack_Mem
   Definitions
      At line 49 in file ..\cmsis\Device\Source\CMSDK_CM3\startup_CMSDK_CM3.s
   Uses
      At line 333 in file ..\cmsis\Device\Source\CMSDK_CM3\startup_CMSDK_CM3.s
      At line 335 in file ..\cmsis\Device\Source\CMSDK_CM3\startup_CMSDK_CM3.s

__initial_sp 00000400

Symbol: __initial_sp
   Definitions
      At line 50 in file ..\cmsis\Device\Source\CMSDK_CM3\startup_CMSDK_CM3.s
   Uses
      At line 76 in file ..\cmsis\Device\Source\CMSDK_CM3\startup_CMSDK_CM3.s
Comment: __initial_sp used once
3 symbols



ARM Macro Assembler    Page 1 Alphabetic symbol ordering
Relocatable symbols

HEAP 00000000

Symbol: HEAP
   Definitions
      At line 59 in file ..\cmsis\Device\Source\CMSDK_CM3\startup_CMSDK_CM3.s
   Uses
      None
Comment: HEAP unused
Heap_Mem 00000000

Symbol: Heap_Mem
   Definitions
      At line 61 in file ..\cmsis\Device\Source\CMSDK_CM3\startup_CMSDK_CM3.s
   Uses
      At line 332 in file ..\cmsis\Device\Source\CMSDK_CM3\startup_CMSDK_CM3.s
      At line 334 in file ..\cmsis\Device\Source\CMSDK_CM3\startup_CMSDK_CM3.s

__heap_base 00000000

Symbol: __heap_base
   Definitions
      At line 60 in file ..\cmsis\Device\Source\CMSDK_CM3\startup_CMSDK_CM3.s
   Uses
      None
Comment: __heap_base unused
__heap_limit 00000C00

Symbol: __heap_limit
   Definitions
      At line 62 in file ..\cmsis\Device\Source\CMSDK_CM3\startup_CMSDK_CM3.s
   Uses
      None
Comment: __heap_limit unused
4 symbols



ARM Macro Assembler    Page 1 Alphabetic symbol ordering
Relocatable symbols

RESET 00000000

Symbol: RESET
   Definitions
      At line 71 in file ..\cmsis\Device\Source\CMSDK_CM3\startup_CMSDK_CM3.s
   Uses
      None
Comment: RESET unused
__Vectors 00000000

Symbol: __Vectors
   Definitions
      At line 76 in file ..\cmsis\Device\Source\CMSDK_CM3\startup_CMSDK_CM3.s
   Uses
      At line 72 in file ..\cmsis\Device\Source\CMSDK_CM3\startup_CMSDK_CM3.s
      At line 146 in file ..\cmsis\Device\Source\CMSDK_CM3\startup_CMSDK_CM3.s

__Vectors_End 00000108

Symbol: __Vectors_End
   Definitions
      At line 144 in file ..\cmsis\Device\Source\CMSDK_CM3\startup_CMSDK_CM3.s
   Uses
      At line 73 in file ..\cmsis\Device\Source\CMSDK_CM3\startup_CMSDK_CM3.s
      At line 146 in file ..\cmsis\Device\Source\CMSDK_CM3\startup_CMSDK_CM3.s

3 symbols



ARM Macro Assembler    Page 1 Alphabetic symbol ordering
Relocatable symbols

.text 00000000

Symbol: .text
   Definitions
      At line 148 in file ..\cmsis\Device\Source\CMSDK_CM3\startup_CMSDK_CM3.s
   Uses
      None
Comment: .text unused
BusFault_Handler 0000000E

Symbol: BusFault_Handler
   Definitions
      At line 181 in file ..\cmsis\Device\Source\CMSDK_CM3\startup_CMSDK_CM3.s
   Uses
      At line 81 in file ..\cmsis\Device\Source\CMSDK_CM3\startup_CMSDK_CM3.s
      At line 182 in file ..\cmsis\Device\Source\CMSDK_CM3\startup_CMSDK_CM3.s

CORDIO0_Handler 0000001A

Symbol: CORDIO0_Handler
   Definitions
      At line 294 in file ..\cmsis\Device\Source\CMSDK_CM3\startup_CMSDK_CM3.s
   Uses
      At line 128 in file ..\cmsis\Device\Source\CMSDK_CM3\startup_CMSDK_CM3.s
      At line 243 in file ..\cmsis\Device\Source\CMSDK_CM3\startup_CMSDK_CM3.s

CORDIO1_Handler 0000001A

Symbol: CORDIO1_Handler
   Definitions
      At line 295 in file ..\cmsis\Device\Source\CMSDK_CM3\startup_CMSDK_CM3.s
   Uses
      At line 129 in file ..\cmsis\Device\Source\CMSDK_CM3\startup_CMSDK_CM3.s
      At line 244 in file ..\cmsis\Device\Source\CMSDK_CM3\startup_CMSDK_CM3.s

CORDIO2_Handler 0000001A

Symbol: CORDIO2_Handler
   Definitions
      At line 296 in file ..\cmsis\Device\Source\CMSDK_CM3\startup_CMSDK_CM3.s
   Uses
      At line 130 in file ..\cmsis\Device\Source\CMSDK_CM3\startup_CMSDK_CM3.s
      At line 245 in file ..\cmsis\Device\Source\CMSDK_CM3\startup_CMSDK_CM3.s

CORDIO3_Handler 0000001A

Symbol: CORDIO3_Handler
   Definitions
      At line 297 in file ..\cmsis\Device\Source\CMSDK_CM3\startup_CMSDK_CM3.s
   Uses
      At line 131 in file ..\cmsis\Device\Source\CMSDK_CM3\startup_CMSDK_CM3.s
      At line 246 in file ..\cmsis\Device\Source\CMSDK_CM3\startup_CMSDK_CM3.s

CORDIO4_Handler 0000001A

Symbol: CORDIO4_Handler
   Definitions
      At line 298 in file ..\cmsis\Device\Source\CMSDK_CM3\startup_CMSDK_CM3.s
   Uses



ARM Macro Assembler    Page 2 Alphabetic symbol ordering
Relocatable symbols

      At line 132 in file ..\cmsis\Device\Source\CMSDK_CM3\startup_CMSDK_CM3.s
      At line 247 in file ..\cmsis\Device\Source\CMSDK_CM3\startup_CMSDK_CM3.s

CORDIO5_Handler 0000001A

Symbol: CORDIO5_Handler
   Definitions
      At line 299 in file ..\cmsis\Device\Source\CMSDK_CM3\startup_CMSDK_CM3.s
   Uses
      At line 133 in file ..\cmsis\Device\Source\CMSDK_CM3\startup_CMSDK_CM3.s
      At line 248 in file ..\cmsis\Device\Source\CMSDK_CM3\startup_CMSDK_CM3.s

CORDIO6_Handler 0000001A

Symbol: CORDIO6_Handler
   Definitions
      At line 300 in file ..\cmsis\Device\Source\CMSDK_CM3\startup_CMSDK_CM3.s
   Uses
      At line 134 in file ..\cmsis\Device\Source\CMSDK_CM3\startup_CMSDK_CM3.s
      At line 249 in file ..\cmsis\Device\Source\CMSDK_CM3\startup_CMSDK_CM3.s

CORDIO7_Handler 0000001A

Symbol: CORDIO7_Handler
   Definitions
      At line 301 in file ..\cmsis\Device\Source\CMSDK_CM3\startup_CMSDK_CM3.s
   Uses
      At line 135 in file ..\cmsis\Device\Source\CMSDK_CM3\startup_CMSDK_CM3.s
      At line 250 in file ..\cmsis\Device\Source\CMSDK_CM3\startup_CMSDK_CM3.s

DUALTIMER_HANDLER 0000001A

Symbol: DUALTIMER_HANDLER
   Definitions
      At line 270 in file ..\cmsis\Device\Source\CMSDK_CM3\startup_CMSDK_CM3.s
   Uses
      At line 104 in file ..\cmsis\Device\Source\CMSDK_CM3\startup_CMSDK_CM3.s
      At line 219 in file ..\cmsis\Device\Source\CMSDK_CM3\startup_CMSDK_CM3.s

DebugMon_Handler 00000014

Symbol: DebugMon_Handler
   Definitions
      At line 195 in file ..\cmsis\Device\Source\CMSDK_CM3\startup_CMSDK_CM3.s
   Uses
      At line 88 in file ..\cmsis\Device\Source\CMSDK_CM3\startup_CMSDK_CM3.s
      At line 196 in file ..\cmsis\Device\Source\CMSDK_CM3\startup_CMSDK_CM3.s

Default_Handler 0000001A

Symbol: Default_Handler
   Definitions
      At line 208 in file ..\cmsis\Device\Source\CMSDK_CM3\startup_CMSDK_CM3.s
   Uses
      None
Comment: Default_Handler unused
EFLASH_Handler 0000001A

Symbol: EFLASH_Handler



ARM Macro Assembler    Page 3 Alphabetic symbol ordering
Relocatable symbols

   Definitions
      At line 293 in file ..\cmsis\Device\Source\CMSDK_CM3\startup_CMSDK_CM3.s
   Uses
      At line 127 in file ..\cmsis\Device\Source\CMSDK_CM3\startup_CMSDK_CM3.s
      At line 242 in file ..\cmsis\Device\Source\CMSDK_CM3\startup_CMSDK_CM3.s

ETHERNET_Handler 0000001A

Symbol: ETHERNET_Handler
   Definitions
      At line 309 in file ..\cmsis\Device\Source\CMSDK_CM3\startup_CMSDK_CM3.s
   Uses
      At line 143 in file ..\cmsis\Device\Source\CMSDK_CM3\startup_CMSDK_CM3.s
      At line 258 in file ..\cmsis\Device\Source\CMSDK_CM3\startup_CMSDK_CM3.s

HardFault_Handler 0000000A

Symbol: HardFault_Handler
   Definitions
      At line 171 in file ..\cmsis\Device\Source\CMSDK_CM3\startup_CMSDK_CM3.s
   Uses
      At line 79 in file ..\cmsis\Device\Source\CMSDK_CM3\startup_CMSDK_CM3.s
      At line 172 in file ..\cmsis\Device\Source\CMSDK_CM3\startup_CMSDK_CM3.s

I2C0_Handler 0000001A

Symbol: I2C0_Handler
   Definitions
      At line 263 in file ..\cmsis\Device\Source\CMSDK_CM3\startup_CMSDK_CM3.s
   Uses
      At line 97 in file ..\cmsis\Device\Source\CMSDK_CM3\startup_CMSDK_CM3.s
      At line 212 in file ..\cmsis\Device\Source\CMSDK_CM3\startup_CMSDK_CM3.s

I2C1_Handler 0000001A

Symbol: I2C1_Handler
   Definitions
      At line 264 in file ..\cmsis\Device\Source\CMSDK_CM3\startup_CMSDK_CM3.s
   Uses
      At line 98 in file ..\cmsis\Device\Source\CMSDK_CM3\startup_CMSDK_CM3.s
      At line 213 in file ..\cmsis\Device\Source\CMSDK_CM3\startup_CMSDK_CM3.s

MemManage_Handler 0000000C

Symbol: MemManage_Handler
   Definitions
      At line 176 in file ..\cmsis\Device\Source\CMSDK_CM3\startup_CMSDK_CM3.s
   Uses
      At line 80 in file ..\cmsis\Device\Source\CMSDK_CM3\startup_CMSDK_CM3.s
      At line 177 in file ..\cmsis\Device\Source\CMSDK_CM3\startup_CMSDK_CM3.s

NMI_Handler 00000008

Symbol: NMI_Handler
   Definitions
      At line 166 in file ..\cmsis\Device\Source\CMSDK_CM3\startup_CMSDK_CM3.s
   Uses
      At line 78 in file ..\cmsis\Device\Source\CMSDK_CM3\startup_CMSDK_CM3.s
      At line 167 in file ..\cmsis\Device\Source\CMSDK_CM3\startup_CMSDK_CM3.s



ARM Macro Assembler    Page 4 Alphabetic symbol ordering
Relocatable symbols


PORT0_0_Handler 0000001A

Symbol: PORT0_0_Handler
   Definitions
      At line 276 in file ..\cmsis\Device\Source\CMSDK_CM3\startup_CMSDK_CM3.s
   Uses
      At line 110 in file ..\cmsis\Device\Source\CMSDK_CM3\startup_CMSDK_CM3.s
      At line 225 in file ..\cmsis\Device\Source\CMSDK_CM3\startup_CMSDK_CM3.s

PORT0_10_Handler 0000001A

Symbol: PORT0_10_Handler
   Definitions
      At line 286 in file ..\cmsis\Device\Source\CMSDK_CM3\startup_CMSDK_CM3.s
   Uses
      At line 120 in file ..\cmsis\Device\Source\CMSDK_CM3\startup_CMSDK_CM3.s
      At line 235 in file ..\cmsis\Device\Source\CMSDK_CM3\startup_CMSDK_CM3.s

PORT0_11_Handler 0000001A

Symbol: PORT0_11_Handler
   Definitions
      At line 287 in file ..\cmsis\Device\Source\CMSDK_CM3\startup_CMSDK_CM3.s
   Uses
      At line 121 in file ..\cmsis\Device\Source\CMSDK_CM3\startup_CMSDK_CM3.s
      At line 236 in file ..\cmsis\Device\Source\CMSDK_CM3\startup_CMSDK_CM3.s

PORT0_12_Handler 0000001A

Symbol: PORT0_12_Handler
   Definitions
      At line 288 in file ..\cmsis\Device\Source\CMSDK_CM3\startup_CMSDK_CM3.s
   Uses
      At line 122 in file ..\cmsis\Device\Source\CMSDK_CM3\startup_CMSDK_CM3.s
      At line 237 in file ..\cmsis\Device\Source\CMSDK_CM3\startup_CMSDK_CM3.s

PORT0_13_Handler 0000001A

Symbol: PORT0_13_Handler
   Definitions
      At line 289 in file ..\cmsis\Device\Source\CMSDK_CM3\startup_CMSDK_CM3.s
   Uses
      At line 123 in file ..\cmsis\Device\Source\CMSDK_CM3\startup_CMSDK_CM3.s
      At line 238 in file ..\cmsis\Device\Source\CMSDK_CM3\startup_CMSDK_CM3.s

PORT0_14_Handler 0000001A

Symbol: PORT0_14_Handler
   Definitions
      At line 290 in file ..\cmsis\Device\Source\CMSDK_CM3\startup_CMSDK_CM3.s
   Uses
      At line 124 in file ..\cmsis\Device\Source\CMSDK_CM3\startup_CMSDK_CM3.s
      At line 239 in file ..\cmsis\Device\Source\CMSDK_CM3\startup_CMSDK_CM3.s

PORT0_15_Handler 0000001A

Symbol: PORT0_15_Handler
   Definitions



ARM Macro Assembler    Page 5 Alphabetic symbol ordering
Relocatable symbols

      At line 291 in file ..\cmsis\Device\Source\CMSDK_CM3\startup_CMSDK_CM3.s
   Uses
      At line 125 in file ..\cmsis\Device\Source\CMSDK_CM3\startup_CMSDK_CM3.s
      At line 240 in file ..\cmsis\Device\Source\CMSDK_CM3\startup_CMSDK_CM3.s

PORT0_1_Handler 0000001A

Symbol: PORT0_1_Handler
   Definitions
      At line 277 in file ..\cmsis\Device\Source\CMSDK_CM3\startup_CMSDK_CM3.s
   Uses
      At line 111 in file ..\cmsis\Device\Source\CMSDK_CM3\startup_CMSDK_CM3.s
      At line 226 in file ..\cmsis\Device\Source\CMSDK_CM3\startup_CMSDK_CM3.s

PORT0_2_Handler 0000001A

Symbol: PORT0_2_Handler
   Definitions
      At line 278 in file ..\cmsis\Device\Source\CMSDK_CM3\startup_CMSDK_CM3.s
   Uses
      At line 112 in file ..\cmsis\Device\Source\CMSDK_CM3\startup_CMSDK_CM3.s
      At line 227 in file ..\cmsis\Device\Source\CMSDK_CM3\startup_CMSDK_CM3.s

PORT0_3_Handler 0000001A

Symbol: PORT0_3_Handler
   Definitions
      At line 279 in file ..\cmsis\Device\Source\CMSDK_CM3\startup_CMSDK_CM3.s
   Uses
      At line 113 in file ..\cmsis\Device\Source\CMSDK_CM3\startup_CMSDK_CM3.s
      At line 228 in file ..\cmsis\Device\Source\CMSDK_CM3\startup_CMSDK_CM3.s

PORT0_4_Handler 0000001A

Symbol: PORT0_4_Handler
   Definitions
      At line 280 in file ..\cmsis\Device\Source\CMSDK_CM3\startup_CMSDK_CM3.s
   Uses
      At line 114 in file ..\cmsis\Device\Source\CMSDK_CM3\startup_CMSDK_CM3.s
      At line 229 in file ..\cmsis\Device\Source\CMSDK_CM3\startup_CMSDK_CM3.s

PORT0_5_Handler 0000001A

Symbol: PORT0_5_Handler
   Definitions
      At line 281 in file ..\cmsis\Device\Source\CMSDK_CM3\startup_CMSDK_CM3.s
   Uses
      At line 115 in file ..\cmsis\Device\Source\CMSDK_CM3\startup_CMSDK_CM3.s
      At line 230 in file ..\cmsis\Device\Source\CMSDK_CM3\startup_CMSDK_CM3.s

PORT0_6_Handler 0000001A

Symbol: PORT0_6_Handler
   Definitions
      At line 282 in file ..\cmsis\Device\Source\CMSDK_CM3\startup_CMSDK_CM3.s
   Uses
      At line 116 in file ..\cmsis\Device\Source\CMSDK_CM3\startup_CMSDK_CM3.s
      At line 231 in file ..\cmsis\Device\Source\CMSDK_CM3\startup_CMSDK_CM3.s




ARM Macro Assembler    Page 6 Alphabetic symbol ordering
Relocatable symbols

PORT0_7_Handler 0000001A

Symbol: PORT0_7_Handler
   Definitions
      At line 283 in file ..\cmsis\Device\Source\CMSDK_CM3\startup_CMSDK_CM3.s
   Uses
      At line 117 in file ..\cmsis\Device\Source\CMSDK_CM3\startup_CMSDK_CM3.s
      At line 232 in file ..\cmsis\Device\Source\CMSDK_CM3\startup_CMSDK_CM3.s

PORT0_8_Handler 0000001A

Symbol: PORT0_8_Handler
   Definitions
      At line 284 in file ..\cmsis\Device\Source\CMSDK_CM3\startup_CMSDK_CM3.s
   Uses
      At line 118 in file ..\cmsis\Device\Source\CMSDK_CM3\startup_CMSDK_CM3.s
      At line 233 in file ..\cmsis\Device\Source\CMSDK_CM3\startup_CMSDK_CM3.s

PORT0_9_Handler 0000001A

Symbol: PORT0_9_Handler
   Definitions
      At line 285 in file ..\cmsis\Device\Source\CMSDK_CM3\startup_CMSDK_CM3.s
   Uses
      At line 119 in file ..\cmsis\Device\Source\CMSDK_CM3\startup_CMSDK_CM3.s
      At line 234 in file ..\cmsis\Device\Source\CMSDK_CM3\startup_CMSDK_CM3.s

PORT0_COMB_Handler 0000001A

Symbol: PORT0_COMB_Handler
   Definitions
      At line 266 in file ..\cmsis\Device\Source\CMSDK_CM3\startup_CMSDK_CM3.s
   Uses
      At line 100 in file ..\cmsis\Device\Source\CMSDK_CM3\startup_CMSDK_CM3.s
      At line 215 in file ..\cmsis\Device\Source\CMSDK_CM3\startup_CMSDK_CM3.s

PORT1_COMB_Handler 0000001A

Symbol: PORT1_COMB_Handler
   Definitions
      At line 267 in file ..\cmsis\Device\Source\CMSDK_CM3\startup_CMSDK_CM3.s
   Uses
      At line 101 in file ..\cmsis\Device\Source\CMSDK_CM3\startup_CMSDK_CM3.s
      At line 216 in file ..\cmsis\Device\Source\CMSDK_CM3\startup_CMSDK_CM3.s

PORT2_COMB_Handler 0000001A

Symbol: PORT2_COMB_Handler
   Definitions
      At line 302 in file ..\cmsis\Device\Source\CMSDK_CM3\startup_CMSDK_CM3.s
   Uses
      At line 136 in file ..\cmsis\Device\Source\CMSDK_CM3\startup_CMSDK_CM3.s
      At line 251 in file ..\cmsis\Device\Source\CMSDK_CM3\startup_CMSDK_CM3.s

PORT3_COMB_Handler 0000001A

Symbol: PORT3_COMB_Handler
   Definitions
      At line 303 in file ..\cmsis\Device\Source\CMSDK_CM3\startup_CMSDK_CM3.s



ARM Macro Assembler    Page 7 Alphabetic symbol ordering
Relocatable symbols

   Uses
      At line 137 in file ..\cmsis\Device\Source\CMSDK_CM3\startup_CMSDK_CM3.s
      At line 252 in file ..\cmsis\Device\Source\CMSDK_CM3\startup_CMSDK_CM3.s

PendSV_Handler 00000016

Symbol: PendSV_Handler
   Definitions
      At line 199 in file ..\cmsis\Device\Source\CMSDK_CM3\startup_CMSDK_CM3.s
   Uses
      At line 90 in file ..\cmsis\Device\Source\CMSDK_CM3\startup_CMSDK_CM3.s
      At line 200 in file ..\cmsis\Device\Source\CMSDK_CM3\startup_CMSDK_CM3.s

QSPI_Handler 0000001A

Symbol: QSPI_Handler
   Definitions
      At line 274 in file ..\cmsis\Device\Source\CMSDK_CM3\startup_CMSDK_CM3.s
   Uses
      At line 108 in file ..\cmsis\Device\Source\CMSDK_CM3\startup_CMSDK_CM3.s
      At line 223 in file ..\cmsis\Device\Source\CMSDK_CM3\startup_CMSDK_CM3.s

RTC_Handler 0000001A

Symbol: RTC_Handler
   Definitions
      At line 265 in file ..\cmsis\Device\Source\CMSDK_CM3\startup_CMSDK_CM3.s
   Uses
      At line 99 in file ..\cmsis\Device\Source\CMSDK_CM3\startup_CMSDK_CM3.s
      At line 214 in file ..\cmsis\Device\Source\CMSDK_CM3\startup_CMSDK_CM3.s

Reserved1_Handler 0000001A

Symbol: Reserved1_Handler
   Definitions
      At line 261 in file ..\cmsis\Device\Source\CMSDK_CM3\startup_CMSDK_CM3.s
   Uses
      At line 95 in file ..\cmsis\Device\Source\CMSDK_CM3\startup_CMSDK_CM3.s
      At line 210 in file ..\cmsis\Device\Source\CMSDK_CM3\startup_CMSDK_CM3.s

Reset_Handler 00000000

Symbol: Reset_Handler
   Definitions
      At line 153 in file ..\cmsis\Device\Source\CMSDK_CM3\startup_CMSDK_CM3.s
   Uses
      At line 77 in file ..\cmsis\Device\Source\CMSDK_CM3\startup_CMSDK_CM3.s
      At line 154 in file ..\cmsis\Device\Source\CMSDK_CM3\startup_CMSDK_CM3.s

SPI0_Handler 0000001A

Symbol: SPI0_Handler
   Definitions
      At line 271 in file ..\cmsis\Device\Source\CMSDK_CM3\startup_CMSDK_CM3.s
   Uses
      At line 105 in file ..\cmsis\Device\Source\CMSDK_CM3\startup_CMSDK_CM3.s
      At line 220 in file ..\cmsis\Device\Source\CMSDK_CM3\startup_CMSDK_CM3.s

SPI1_Handler 0000001A



ARM Macro Assembler    Page 8 Alphabetic symbol ordering
Relocatable symbols


Symbol: SPI1_Handler
   Definitions
      At line 273 in file ..\cmsis\Device\Source\CMSDK_CM3\startup_CMSDK_CM3.s
   Uses
      At line 107 in file ..\cmsis\Device\Source\CMSDK_CM3\startup_CMSDK_CM3.s
      At line 222 in file ..\cmsis\Device\Source\CMSDK_CM3\startup_CMSDK_CM3.s

SVC_Handler 00000012

Symbol: SVC_Handler
   Definitions
      At line 190 in file ..\cmsis\Device\Source\CMSDK_CM3\startup_CMSDK_CM3.s
   Uses
      At line 87 in file ..\cmsis\Device\Source\CMSDK_CM3\startup_CMSDK_CM3.s
      At line 191 in file ..\cmsis\Device\Source\CMSDK_CM3\startup_CMSDK_CM3.s

SYSERROR_Handler 0000001A

Symbol: SYSERROR_Handler
   Definitions
      At line 292 in file ..\cmsis\Device\Source\CMSDK_CM3\startup_CMSDK_CM3.s
   Uses
      At line 126 in file ..\cmsis\Device\Source\CMSDK_CM3\startup_CMSDK_CM3.s
      At line 241 in file ..\cmsis\Device\Source\CMSDK_CM3\startup_CMSDK_CM3.s

SysTick_Handler 00000018

Symbol: SysTick_Handler
   Definitions
      At line 203 in file ..\cmsis\Device\Source\CMSDK_CM3\startup_CMSDK_CM3.s
   Uses
      At line 91 in file ..\cmsis\Device\Source\CMSDK_CM3\startup_CMSDK_CM3.s
      At line 204 in file ..\cmsis\Device\Source\CMSDK_CM3\startup_CMSDK_CM3.s

TIMER0_Handler 0000001A

Symbol: TIMER0_Handler
   Definitions
      At line 268 in file ..\cmsis\Device\Source\CMSDK_CM3\startup_CMSDK_CM3.s
   Uses
      At line 102 in file ..\cmsis\Device\Source\CMSDK_CM3\startup_CMSDK_CM3.s
      At line 217 in file ..\cmsis\Device\Source\CMSDK_CM3\startup_CMSDK_CM3.s

TIMER1_Handler 0000001A

Symbol: TIMER1_Handler
   Definitions
      At line 269 in file ..\cmsis\Device\Source\CMSDK_CM3\startup_CMSDK_CM3.s
   Uses
      At line 103 in file ..\cmsis\Device\Source\CMSDK_CM3\startup_CMSDK_CM3.s
      At line 218 in file ..\cmsis\Device\Source\CMSDK_CM3\startup_CMSDK_CM3.s

TRNG_Handler 0000001A

Symbol: TRNG_Handler
   Definitions
      At line 304 in file ..\cmsis\Device\Source\CMSDK_CM3\startup_CMSDK_CM3.s
   Uses



ARM Macro Assembler    Page 9 Alphabetic symbol ordering
Relocatable symbols

      At line 138 in file ..\cmsis\Device\Source\CMSDK_CM3\startup_CMSDK_CM3.s
      At line 253 in file ..\cmsis\Device\Source\CMSDK_CM3\startup_CMSDK_CM3.s

TSC_Handler 0000001A

Symbol: TSC_Handler
   Definitions
      At line 275 in file ..\cmsis\Device\Source\CMSDK_CM3\startup_CMSDK_CM3.s
   Uses
      At line 109 in file ..\cmsis\Device\Source\CMSDK_CM3\startup_CMSDK_CM3.s
      At line 224 in file ..\cmsis\Device\Source\CMSDK_CM3\startup_CMSDK_CM3.s

UART0_Handler 0000001A

Symbol: UART0_Handler
   Definitions
      At line 260 in file ..\cmsis\Device\Source\CMSDK_CM3\startup_CMSDK_CM3.s
   Uses
      At line 94 in file ..\cmsis\Device\Source\CMSDK_CM3\startup_CMSDK_CM3.s
      At line 209 in file ..\cmsis\Device\Source\CMSDK_CM3\startup_CMSDK_CM3.s

UART1_Handler 0000001A

Symbol: UART1_Handler
   Definitions
      At line 262 in file ..\cmsis\Device\Source\CMSDK_CM3\startup_CMSDK_CM3.s
   Uses
      At line 96 in file ..\cmsis\Device\Source\CMSDK_CM3\startup_CMSDK_CM3.s
      At line 211 in file ..\cmsis\Device\Source\CMSDK_CM3\startup_CMSDK_CM3.s

UARTOVF_Handler 0000001A

Symbol: UARTOVF_Handler
   Definitions
      At line 272 in file ..\cmsis\Device\Source\CMSDK_CM3\startup_CMSDK_CM3.s
   Uses
      At line 106 in file ..\cmsis\Device\Source\CMSDK_CM3\startup_CMSDK_CM3.s
      At line 221 in file ..\cmsis\Device\Source\CMSDK_CM3\startup_CMSDK_CM3.s

UARTRX2_Handler 0000001A

Symbol: UARTRX2_Handler
   Definitions
      At line 305 in file ..\cmsis\Device\Source\CMSDK_CM3\startup_CMSDK_CM3.s
   Uses
      At line 139 in file ..\cmsis\Device\Source\CMSDK_CM3\startup_CMSDK_CM3.s
      At line 254 in file ..\cmsis\Device\Source\CMSDK_CM3\startup_CMSDK_CM3.s

UARTRX3_Handler 0000001A

Symbol: UARTRX3_Handler
   Definitions
      At line 307 in file ..\cmsis\Device\Source\CMSDK_CM3\startup_CMSDK_CM3.s
   Uses
      At line 141 in file ..\cmsis\Device\Source\CMSDK_CM3\startup_CMSDK_CM3.s
      At line 256 in file ..\cmsis\Device\Source\CMSDK_CM3\startup_CMSDK_CM3.s

UARTTX2_Handler 0000001A




ARM Macro Assembler    Page 10 Alphabetic symbol ordering
Relocatable symbols

Symbol: UARTTX2_Handler
   Definitions
      At line 306 in file ..\cmsis\Device\Source\CMSDK_CM3\startup_CMSDK_CM3.s
   Uses
      At line 140 in file ..\cmsis\Device\Source\CMSDK_CM3\startup_CMSDK_CM3.s
      At line 255 in file ..\cmsis\Device\Source\CMSDK_CM3\startup_CMSDK_CM3.s

UARTTX3_Handler 0000001A

Symbol: UARTTX3_Handler
   Definitions
      At line 308 in file ..\cmsis\Device\Source\CMSDK_CM3\startup_CMSDK_CM3.s
   Uses
      At line 142 in file ..\cmsis\Device\Source\CMSDK_CM3\startup_CMSDK_CM3.s
      At line 257 in file ..\cmsis\Device\Source\CMSDK_CM3\startup_CMSDK_CM3.s

UsageFault_Handler 00000010

Symbol: UsageFault_Handler
   Definitions
      At line 186 in file ..\cmsis\Device\Source\CMSDK_CM3\startup_CMSDK_CM3.s
   Uses
      At line 82 in file ..\cmsis\Device\Source\CMSDK_CM3\startup_CMSDK_CM3.s
      At line 187 in file ..\cmsis\Device\Source\CMSDK_CM3\startup_CMSDK_CM3.s

__user_initial_stackheap 0000001C

Symbol: __user_initial_stackheap
   Definitions
      At line 331 in file ..\cmsis\Device\Source\CMSDK_CM3\startup_CMSDK_CM3.s
   Uses
      At line 329 in file ..\cmsis\Device\Source\CMSDK_CM3\startup_CMSDK_CM3.s
Comment: __user_initial_stackheap used once
63 symbols



ARM Macro Assembler    Page 1 Alphabetic symbol ordering
Absolute symbols

Heap_Size 00000C00

Symbol: Heap_Size
   Definitions
      At line 57 in file ..\cmsis\Device\Source\CMSDK_CM3\startup_CMSDK_CM3.s
   Uses
      At line 61 in file ..\cmsis\Device\Source\CMSDK_CM3\startup_CMSDK_CM3.s
      At line 334 in file ..\cmsis\Device\Source\CMSDK_CM3\startup_CMSDK_CM3.s

Stack_Size 00000400

Symbol: Stack_Size
   Definitions
      At line 46 in file ..\cmsis\Device\Source\CMSDK_CM3\startup_CMSDK_CM3.s
   Uses
      At line 49 in file ..\cmsis\Device\Source\CMSDK_CM3\startup_CMSDK_CM3.s
      At line 333 in file ..\cmsis\Device\Source\CMSDK_CM3\startup_CMSDK_CM3.s

__Vectors_Size 00000108

Symbol: __Vectors_Size
   Definitions
      At line 146 in file ..\cmsis\Device\Source\CMSDK_CM3\startup_CMSDK_CM3.s
   Uses
      At line 74 in file ..\cmsis\Device\Source\CMSDK_CM3\startup_CMSDK_CM3.s
Comment: __Vectors_Size used once
3 symbols



ARM Macro Assembler    Page 1 Alphabetic symbol ordering
External symbols

SystemInit 00000000

Symbol: SystemInit
   Definitions
      At line 155 in file ..\cmsis\Device\Source\CMSDK_CM3\startup_CMSDK_CM3.s
   Uses
      At line 157 in file ..\cmsis\Device\Source\CMSDK_CM3\startup_CMSDK_CM3.s
Comment: SystemInit used once
__main 00000000

Symbol: __main
   Definitions
      At line 156 in file ..\cmsis\Device\Source\CMSDK_CM3\startup_CMSDK_CM3.s
   Uses
      At line 159 in file ..\cmsis\Device\Source\CMSDK_CM3\startup_CMSDK_CM3.s
Comment: __main used once
__use_two_region_memory 00000000

Symbol: __use_two_region_memory
   Definitions
      At line 328 in file ..\cmsis\Device\Source\CMSDK_CM3\startup_CMSDK_CM3.s
   Uses
      None
Comment: __use_two_region_memory unused
3 symbols
414 symbols in table
